\BOOKMARK [1][-]{section.1}{1. Introduction}{}% 1
\BOOKMARK [1][-]{section.2}{2. Homogeneous linked systems of symmetric designs}{}% 2
\BOOKMARK [1][-]{section.3}{3. Association schemes}{}% 3
\BOOKMARK [2][-]{subsection.3.1}{3.1. Bounds for w}{section.3}% 4
\BOOKMARK [1][-]{section.4}{4. Linked Simplices}{}% 5
\BOOKMARK [2][-]{subsection.4.1}{4.1. A geometric classification}{section.4}% 6
\BOOKMARK [1][-]{section.5}{5. Connections to Other Structures in Euclidean Space}{}% 7
\BOOKMARK [2][-]{subsection.5.1}{5.1. Equiangular Lines}{section.5}% 8
\BOOKMARK [2][-]{subsection.5.2}{5.2. Real Mutually Unbiased Bases}{section.5}% 9
\BOOKMARK [1][-]{section.6}{6. Two Families}{}% 10
\BOOKMARK [2][-]{subsection.6.1}{6.1. Degenerate case}{section.6}% 11
\BOOKMARK [2][-]{subsection.6.2}{6.2. Cameron-Seidel Scheme}{section.6}% 12
\BOOKMARK [1][-]{section.7}{7. New examples with v=2m}{}% 13
\BOOKMARK [2][-]{subsection.7.1}{7.1. Restrictions on the Parameters}{section.7}% 14
\BOOKMARK [2][-]{subsection.7.2}{7.2. Hadamard Matrix Equivalence}{section.7}% 15
\BOOKMARK [2][-]{subsection.7.3}{7.3. Constructing LSSDs from certain Real MUBs}{section.7}% 16
\BOOKMARK [1][-]{appendix.A}{Appendix A. Feasible parameter sets}{}% 17
\BOOKMARK [2][-]{Item.14}{Family 1 \(Point-hyperplane Designs\)}{appendix.A}% 18
\BOOKMARK [2][-]{Item.14}{Family 2 \(Hadamard matrix designs\)}{appendix.A}% 19
\BOOKMARK [2][-]{Item.14}{Family 3 \(Chowla\)}{appendix.A}% 20
\BOOKMARK [2][-]{Item.14}{Family 4 \(Lehmer\)}{appendix.A}% 21
\BOOKMARK [2][-]{Item.17}{Family 5 \(Whiteman\)}{appendix.A}% 22
\BOOKMARK [2][-]{Item.17}{Family 6 \(Menon\)}{appendix.A}% 23
\BOOKMARK [2][-]{Item.17}{Family 7 \(Wallis; McFarland\)}{appendix.A}% 24
\BOOKMARK [2][-]{Item.17}{Family 8 \(Wilson; Shrikhande and Singhi\)}{appendix.A}% 25
\BOOKMARK [2][-]{Item.17}{Family 9 \(Spence\)}{appendix.A}% 26
\BOOKMARK [2][-]{Item.17}{Family 10 \(Rajkundlia and Mitchell; Ionin\)}{appendix.A}% 27
\BOOKMARK [2][-]{Item.17}{Family 11 \(Wilson; Brouwer\)}{appendix.A}% 28
\BOOKMARK [2][-]{Item.17}{Family 12 \(Spence, Jungnickel and Pott, Ionin\)}{appendix.A}% 29
\BOOKMARK [2][-]{Item.17}{Family 13 \(Davis and Jedwab\)}{appendix.A}% 30
\BOOKMARK [2][-]{Item.17}{Family 14 \(Chen\)}{appendix.A}% 31
\BOOKMARK [2][-]{Item.17}{Family 15 \(Ionin\)}{appendix.A}% 32
\BOOKMARK [2][-]{Item.17}{Family 16 \(Ionin\)}{appendix.A}% 33
\BOOKMARK [2][-]{Item.17}{Family 17 \(Ionin\)}{appendix.A}% 34
\BOOKMARK [2][-]{Item.17}{Family 18 \(Ionin\)}{appendix.A}% 35
\BOOKMARK [2][-]{Item.17}{Family 19 \(Ionin\)}{appendix.A}% 36
\BOOKMARK [2][-]{Item.17}{Family 20 \(Ionin\)}{appendix.A}% 37
\BOOKMARK [2][-]{Item.17}{Family 21 \(Kharaghani and Ionin\)}{appendix.A}% 38
\BOOKMARK [2][-]{Item.17}{Summary}{appendix.A}% 39
\BOOKMARK [1][-]{Item.17}{References}{}% 40
