\BOOKMARK [0][-]{chapter.1}{Introduction}{}% 1
\BOOKMARK [0][-]{chapter.2}{Association schemes}{}% 2
\BOOKMARK [1][-]{section.2.1}{Bose-Mesner algebra}{chapter.2}% 3
\BOOKMARK [1][-]{section.2.2}{Parameter arrays}{chapter.2}% 4
\BOOKMARK [1][-]{section.2.3}{Formal duality of association schemes}{chapter.2}% 5
\BOOKMARK [1][-]{section.2.4}{Feasibility and realizability}{chapter.2}% 6
\BOOKMARK [1][-]{section.2.5}{Imprimitivity}{chapter.2}% 7
\BOOKMARK [1][-]{section.2.6}{Polynomial schemes}{chapter.2}% 8
\BOOKMARK [0][-]{chapter.3}{Positive semidefinite cone of an association scheme}{}% 9
\BOOKMARK [1][-]{section.3.1}{Lines with few angles}{chapter.3}% 10
\BOOKMARK [1][-]{section.3.2}{Gegenbauer polynomials}{chapter.3}% 11
\BOOKMARK [1][-]{section.3.3}{Sch\366nberg's theorem}{chapter.3}% 12
\BOOKMARK [2][-]{subsection.3.3.1}{Bound on new feasibility conditions}{section.3.3}% 13
\BOOKMARK [1][-]{section.3.4}{Cometric association schemes}{chapter.3}% 14
\BOOKMARK [2][-]{subsection.3.4.1}{Q-bipartite association schemes}{section.3.4}% 15
\BOOKMARK [0][-]{chapter.4}{3-class Q-antipodal: LSSDs}{}% 16
\BOOKMARK [1][-]{section.4.1}{Homogeneous linked systems of symmetric designs}{chapter.4}% 17
\BOOKMARK [2][-]{subsection.4.1.1}{Bounds on number of fibers}{section.4.1}% 18
\BOOKMARK [1][-]{section.4.2}{Linked simplices}{chapter.4}% 19
\BOOKMARK [2][-]{subsection.4.2.1}{A geometric classification}{section.4.2}% 20
\BOOKMARK [1][-]{section.4.3}{Connections to other Euclidean structures}{chapter.4}% 21
\BOOKMARK [2][-]{subsection.4.3.1}{Equiangular lines}{section.4.3}% 22
\BOOKMARK [2][-]{subsection.4.3.2}{Real mutually unbiased bases}{section.4.3}% 23
\BOOKMARK [1][-]{section.4.4}{Known infinite families}{chapter.4}% 24
\BOOKMARK [2][-]{subsection.4.4.1}{Degenerate case}{section.4.4}% 25
\BOOKMARK [2][-]{subsection.4.4.2}{Cameron-Seidel scheme}{section.4.4}% 26
\BOOKMARK [1][-]{section.4.5}{New examples with v not equal to a power of 2}{chapter.4}% 27
\BOOKMARK [2][-]{subsection.4.5.1}{Restrictions on the design parameters}{section.4.5}% 28
\BOOKMARK [2][-]{subsection.4.5.2}{Mutually unbiased Hadamard matrices}{section.4.5}% 29
\BOOKMARK [2][-]{subsection.4.5.3}{Constructing LSSDs from real MUBs}{section.4.5}% 30
\BOOKMARK [0][-]{chapter.5}{Orthogonal projective double covers}{}% 31
\BOOKMARK [1][-]{section.5.1}{Orthogonal projective doubles of regular graphs}{chapter.5}% 32
\BOOKMARK [1][-]{section.5.2}{Schemes induced by projective doubles}{chapter.5}% 33
\BOOKMARK [1][-]{section.5.3}{4-class Q-bipartite association schemes}{chapter.5}% 34
\BOOKMARK [0][-]{chapter.6}{Connectivity of basis relations}{}% 35
\BOOKMARK [1][-]{section.6.1}{Twins}{chapter.6}% 36
\BOOKMARK [1][-]{section.6.2}{The graph homomorphism phia}{chapter.6}% 37
\BOOKMARK [1][-]{section.6.3}{The decomposition Ia, Ua, Wa}{chapter.6}% 38
\BOOKMARK [2][-]{subsection.6.3.1}{Comparing the view from multiple basepoints}{section.6.3}% 39
\BOOKMARK [1][-]{section.6.4}{Proofs of the main theorem and its corollaries}{chapter.6}% 40
\BOOKMARK [1][-]{section.6.5}{Further results on connectivity}{chapter.6}% 41
\BOOKMARK [2][-]{subsection.6.5.1}{A spectral lemma}{section.6.5}% 42
\BOOKMARK [2][-]{subsection.6.5.2}{Intervals and metric properties of Gamma}{section.6.5}% 43
\BOOKMARK [2][-]{subsection.6.5.3}{Small disconnecting sets}{section.6.5}% 44
\BOOKMARK [0][-]{appendix.A}{Feasible parameter sets}{}% 45
